1695241817.559688 client started (219787): version 3.0a, socket /tmp/tmux-1000/default, protocol 8
1695241817.559718 on Linux 5.15.0-83-generic #92~20.04.1-Ubuntu SMP Mon Aug 21 14:00:49 UTC 2023; libevent 2.1.11-stable (poll)
1695241817.559735 socket is /tmp/tmux-1000/default
1695241817.559747 trying connect
1695241817.559763 connect failed: Connection refused
1695241817.559772 lock file is /tmp/tmux-1000/default.lock
1695241817.559811 flock succeeded
1695241817.559815 got lock (6)
1695241817.559822 trying connect
1695241817.559831 connect failed: Connection refused
1695241817.560029 add peer 0x55ec2156d540: 7 ((nil))
1695241817.560174 sending message 100 to peer 0x55ec2156d540 (4 bytes)
1695241817.560183 sending message 101 to peer 0x55ec2156d540 (15 bytes)
1695241817.560188 sending message 102 to peer 0x55ec2156d540 (11 bytes)
1695241817.560193 sending message 108 to peer 0x55ec2156d540 (38 bytes)
1695241817.560199 sending message 104 to peer 0x55ec2156d540 (0 bytes)
1695241817.560204 sending message 107 to peer 0x55ec2156d540 (4 bytes)
1695241817.560209 sending message 105 to peer 0x55ec2156d540 (43 bytes)
1695241817.560214 sending message 105 to peer 0x55ec2156d540 (47 bytes)
1695241817.560218 sending message 105 to peer 0x55ec2156d540 (13 bytes)
1695241817.560223 sending message 105 to peer 0x55ec2156d540 (86 bytes)
1695241817.560237 sending message 105 to peer 0x55ec2156d540 (23 bytes)
1695241817.560242 sending message 105 to peer 0x55ec2156d540 (19 bytes)
1695241817.560246 sending message 105 to peer 0x55ec2156d540 (30 bytes)
1695241817.560251 sending message 105 to peer 0x55ec2156d540 (17 bytes)
1695241817.560255 sending message 105 to peer 0x55ec2156d540 (20 bytes)
1695241817.560260 sending message 105 to peer 0x55ec2156d540 (35 bytes)
1695241817.560264 sending message 105 to peer 0x55ec2156d540 (52 bytes)
1695241817.560269 sending message 105 to peer 0x55ec2156d540 (9 bytes)
1695241817.560275 sending message 105 to peer 0x55ec2156d540 (27 bytes)
1695241817.560280 sending message 105 to peer 0x55ec2156d540 (19 bytes)
1695241817.560284 sending message 105 to peer 0x55ec2156d540 (42 bytes)
1695241817.560289 sending message 105 to peer 0x55ec2156d540 (15 bytes)
1695241817.560294 sending message 105 to peer 0x55ec2156d540 (17 bytes)
1695241817.560299 sending message 105 to peer 0x55ec2156d540 (54 bytes)
1695241817.560304 sending message 105 to peer 0x55ec2156d540 (11 bytes)
1695241817.560308 sending message 105 to peer 0x55ec2156d540 (15 bytes)
1695241817.560312 sending message 105 to peer 0x55ec2156d540 (23 bytes)
1695241817.560317 sending message 105 to peer 0x55ec2156d540 (41 bytes)
1695241817.560321 sending message 105 to peer 0x55ec2156d540 (28 bytes)
1695241817.560326 sending message 105 to peer 0x55ec2156d540 (41 bytes)
1695241817.560330 sending message 105 to peer 0x55ec2156d540 (13 bytes)
1695241817.560335 sending message 105 to peer 0x55ec2156d540 (23 bytes)
1695241817.560339 sending message 105 to peer 0x55ec2156d540 (19 bytes)
1695241817.560344 sending message 105 to peer 0x55ec2156d540 (53 bytes)
1695241817.560359 sending message 105 to peer 0x55ec2156d540 (20 bytes)
1695241817.560366 sending message 105 to peer 0x55ec2156d540 (12 bytes)
1695241817.560371 sending message 105 to peer 0x55ec2156d540 (30 bytes)
1695241817.560375 sending message 105 to peer 0x55ec2156d540 (22 bytes)
1695241817.560380 sending message 105 to peer 0x55ec2156d540 (240 bytes)
1695241817.560385 sending message 105 to peer 0x55ec2156d540 (31 bytes)
1695241817.560390 sending message 105 to peer 0x55ec2156d540 (157 bytes)
1695241817.560395 sending message 105 to peer 0x55ec2156d540 (19 bytes)
1695241817.560399 sending message 105 to peer 0x55ec2156d540 (17 bytes)
1695241817.560404 sending message 105 to peer 0x55ec2156d540 (24 bytes)
1695241817.560408 sending message 105 to peer 0x55ec2156d540 (21 bytes)
1695241817.560413 sending message 105 to peer 0x55ec2156d540 (13 bytes)
1695241817.560417 sending message 105 to peer 0x55ec2156d540 (21 bytes)
1695241817.560422 sending message 105 to peer 0x55ec2156d540 (25 bytes)
1695241817.560426 sending message 105 to peer 0x55ec2156d540 (84 bytes)
1695241817.560440 sending message 105 to peer 0x55ec2156d540 (8 bytes)
1695241817.560445 sending message 105 to peer 0x55ec2156d540 (41 bytes)
1695241817.560450 sending message 105 to peer 0x55ec2156d540 (20 bytes)
1695241817.560455 sending message 105 to peer 0x55ec2156d540 (23 bytes)
1695241817.560460 sending message 105 to peer 0x55ec2156d540 (20 bytes)
1695241817.560464 sending message 105 to peer 0x55ec2156d540 (23 bytes)
1695241817.560469 sending message 105 to peer 0x55ec2156d540 (11 bytes)
1695241817.560474 sending message 105 to peer 0x55ec2156d540 (14 bytes)
1695241817.560478 sending message 105 to peer 0x55ec2156d540 (17 bytes)
1695241817.560483 sending message 105 to peer 0x55ec2156d540 (136 bytes)
1695241817.560488 sending message 105 to peer 0x55ec2156d540 (283 bytes)
1695241817.560493 sending message 105 to peer 0x55ec2156d540 (190 bytes)
1695241817.560498 sending message 105 to peer 0x55ec2156d540 (233 bytes)
1695241817.560502 sending message 105 to peer 0x55ec2156d540 (18 bytes)
1695241817.560507 sending message 105 to peer 0x55ec2156d540 (36 bytes)
1695241817.560512 sending message 105 to peer 0x55ec2156d540 (5698 bytes)
1695241817.560522 sending message 105 to peer 0x55ec2156d540 (21 bytes)
1695241817.560527 sending message 105 to peer 0x55ec2156d540 (14 bytes)
1695241817.560532 sending message 105 to peer 0x55ec2156d540 (35 bytes)
1695241817.560537 sending message 105 to peer 0x55ec2156d540 (38 bytes)
1695241817.560541 sending message 105 to peer 0x55ec2156d540 (184 bytes)
1695241817.560546 sending message 105 to peer 0x55ec2156d540 (47 bytes)
1695241817.560550 sending message 105 to peer 0x55ec2156d540 (43 bytes)
1695241817.560555 sending message 105 to peer 0x55ec2156d540 (41 bytes)
1695241817.560560 sending message 105 to peer 0x55ec2156d540 (54 bytes)
1695241817.560564 sending message 105 to peer 0x55ec2156d540 (101 bytes)
1695241817.560569 sending message 105 to peer 0x55ec2156d540 (128 bytes)
1695241817.560574 sending message 105 to peer 0x55ec2156d540 (112 bytes)
1695241817.560579 sending message 105 to peer 0x55ec2156d540 (56 bytes)
1695241817.560584 sending message 105 to peer 0x55ec2156d540 (23 bytes)
1695241817.560588 sending message 105 to peer 0x55ec2156d540 (14 bytes)
1695241817.560593 sending message 105 to peer 0x55ec2156d540 (11 bytes)
1695241817.560597 sending message 105 to peer 0x55ec2156d540 (13 bytes)
1695241817.560603 sending message 105 to peer 0x55ec2156d540 (20 bytes)
1695241817.560607 sending message 105 to peer 0x55ec2156d540 (14 bytes)
1695241817.560612 sending message 105 to peer 0x55ec2156d540 (24 bytes)
1695241817.560617 sending message 105 to peer 0x55ec2156d540 (18 bytes)
1695241817.560622 sending message 105 to peer 0x55ec2156d540 (26 bytes)
1695241817.560626 sending message 105 to peer 0x55ec2156d540 (26 bytes)
1695241817.560631 sending message 105 to peer 0x55ec2156d540 (17 bytes)
1695241817.560636 sending message 105 to peer 0x55ec2156d540 (19 bytes)
1695241817.560640 sending message 105 to peer 0x55ec2156d540 (14 bytes)
1695241817.560645 sending message 105 to peer 0x55ec2156d540 (9 bytes)
1695241817.560650 sending message 105 to peer 0x55ec2156d540 (22 bytes)
1695241817.560654 sending message 105 to peer 0x55ec2156d540 (18 bytes)
1695241817.560659 sending message 105 to peer 0x55ec2156d540 (19 bytes)
1695241817.560664 sending message 105 to peer 0x55ec2156d540 (12 bytes)
1695241817.560668 sending message 105 to peer 0x55ec2156d540 (12 bytes)
1695241817.560673 sending message 105 to peer 0x55ec2156d540 (16 bytes)
1695241817.560678 sending message 105 to peer 0x55ec2156d540 (39 bytes)
1695241817.560683 sending message 105 to peer 0x55ec2156d540 (22 bytes)
1695241817.560687 sending message 106 to peer 0x55ec2156d540 (0 bytes)
1695241817.560692 sending message 200 to peer 0x55ec2156d540 (4 bytes)
1695241817.560697 client loop enter
1695241817.706081 peer 0x55ec2156d540 message 207
1695241817.706101 sending message 208 to peer 0x55ec2156d540 (0 bytes)
1695241823.430689 peer 0x55ec2156d540 message 203
1695241823.430703 sending message 205 to peer 0x55ec2156d540 (0 bytes)
1695241823.430932 peer 0x55ec2156d540 message 204
1695241823.430939 client loop exit
